[ 2016-07-21T09:15:14+08:00 ] ::1 /shop/index.php/Admin/admin/%3C?php%20echo%20ADMIN_CSS_URL;?%3EUser_Login.css
ERR: 非法操作:

[ 2016-07-21T09:15:14+08:00 ] ::1 /shop/index.php/Admin/admin/%3C?php%20echo%20ADMIN_IMG_URL?%3Eadmin.png
ERR: 非法操作:

[ 2016-07-21T09:15:14+08:00 ] ::1 /shop/index.php/Admin/admin/%3C?php%20echo%20ADMIN_IMG_URL?%3Euser_botton.gif
ERR: 非法操作:

[ 2016-07-21T09:15:15+08:00 ] ::1 /shop/index.php/Admin/admin/%3C?php%20echo%20ADMIN_IMG_URL?%3Eadmin.png
ERR: 非法操作:

[ 2016-07-21T09:15:15+08:00 ] ::1 /shop/index.php/Admin/admin/%3C?php%20echo%20ADMIN_CSS_URL;?%3EUser_Login.css
ERR: 非法操作:

[ 2016-07-21T09:15:15+08:00 ] ::1 /shop/index.php/Admin/admin/%3C?php%20echo%20ADMIN_IMG_URL?%3Euser_botton.gif
ERR: 非法操作:

[ 2016-07-21T09:15:16+08:00 ] ::1 /shop/index.php/Admin/admin/%3C?php%20echo%20ADMIN_IMG_URL?%3Eadmin.png
ERR: 非法操作:

[ 2016-07-21T09:15:16+08:00 ] ::1 /shop/index.php/Admin/admin/%3C?php%20echo%20ADMIN_CSS_URL;?%3EUser_Login.css
ERR: 非法操作:

[ 2016-07-21T09:15:16+08:00 ] ::1 /shop/index.php/Admin/admin/%3C?php%20echo%20ADMIN_IMG_URL?%3Euser_botton.gif
ERR: 非法操作:

[ 2016-07-21T09:15:16+08:00 ] ::1 /shop/index.php/Admin/admin/%3C?php%20echo%20ADMIN_IMG_URL?%3Eadmin.png
ERR: 非法操作:

[ 2016-07-21T09:15:16+08:00 ] ::1 /shop/index.php/Admin/admin/%3C?php%20echo%20ADMIN_CSS_URL;?%3EUser_Login.css
ERR: 非法操作:

[ 2016-07-21T09:15:16+08:00 ] ::1 /shop/index.php/Admin/admin/%3C?php%20echo%20ADMIN_IMG_URL?%3Euser_botton.gif
ERR: 非法操作:

[ 2016-07-21T09:15:16+08:00 ] ::1 /shop/index.php/Admin/admin/%3C?php%20echo%20ADMIN_CSS_URL;?%3EUser_Login.css
ERR: 非法操作:

[ 2016-07-21T09:15:16+08:00 ] ::1 /shop/index.php/Admin/admin/%3C?php%20echo%20ADMIN_IMG_URL?%3Eadmin.png
ERR: 非法操作:

[ 2016-07-21T09:15:16+08:00 ] ::1 /shop/index.php/Admin/admin/%3C?php%20echo%20ADMIN_IMG_URL?%3Euser_botton.gif
ERR: 非法操作:

[ 2016-07-21T09:15:16+08:00 ] ::1 /shop/index.php/Admin/admin/%3C?php%20echo%20ADMIN_IMG_URL?%3Eadmin.png
ERR: 非法操作:

[ 2016-07-21T09:15:16+08:00 ] ::1 /shop/index.php/Admin/admin/%3C?php%20echo%20ADMIN_CSS_URL;?%3EUser_Login.css
ERR: 非法操作:

[ 2016-07-21T09:15:17+08:00 ] ::1 /shop/index.php/Admin/admin/%3C?php%20echo%20ADMIN_IMG_URL?%3Euser_botton.gif
ERR: 非法操作:

[ 2016-07-21T09:17:14+08:00 ] ::1 /shop/index.php/Admin/admin/%3C?php%20echo%20ADMIN_CSS_URL;?%3EUser_Login.css
ERR: 非法操作:

[ 2016-07-21T09:17:14+08:00 ] ::1 /shop/index.php/Admin/admin/%3C?php%20echo%20ADMIN_IMG_URL?%3Eadmin.png
ERR: 非法操作:

[ 2016-07-21T09:17:14+08:00 ] ::1 /shop/index.php/Admin/admin/%3C?php%20echo%20ADMIN_IMG_URL?%3Euser_botton.gif
ERR: 非法操作:

[ 2016-07-21T09:30:26+08:00 ] ::1 /shop/index.php/Admin/Goods/%3C?php%20echo%20ADMIN_CSS_URL;?%3Emine.css
ERR: 非法操作:

[ 2016-07-21T09:31:13+08:00 ] ::1 /shop/index.php/Admin/Goods/%3C?php%20echo%20ADMIN_CSS_URL;?%3Emine.css
ERR: 非法操作:

[ 2016-07-21T09:31:17+08:00 ] ::1 /shop/index.php/Admin/Goods/%3C?php%20echo%20ADMIN_CSS_URL;?%3Emine.css
ERR: 非法操作:

[ 2016-07-21T09:31:19+08:00 ] ::1 /shop/index.php/Admin/Goods/%3C?php%20echo%20ADMIN_CSS_URL;?%3Emine.css
ERR: 非法操作:

[ 2016-07-21T09:31:22+08:00 ] ::1 /shop/index.php/Admin/Goods/%3C?php%20echo%20ADMIN_CSS_URL;?%3Emine.css
ERR: 非法操作:

[ 2016-07-21T09:31:41+08:00 ] ::1 /shop/index.php/Admin/Goods/%3C?php%20echo%20ADMIN_CSS_URL;?%3Emine.css
ERR: 非法操作:

[ 2016-07-21T09:41:38+08:00 ] ::1 /shop/index.php/Admin/Goods/%3C?php%20echo%20ADMIN_CSS_URL;?%3Emine.css
ERR: 非法操作:

[ 2016-07-21T09:41:48+08:00 ] ::1 /shop/index.php/Admin/Goods/%3C?php%20echo%20ADMIN_CSS_URL;?%3Emine.css
ERR: 非法操作:

[ 2016-07-21T09:46:13+08:00 ] ::1 /shop/index.php/Admin/Goods/%3C?php%20echo%20ADMIN_CSS_URL;?%3Emine.css
ERR: 非法操作:

[ 2016-07-21T09:52:39+08:00 ] ::1 /shop/index.php/Admin/Goodsupdate
ERR: 无法加载控制器:Goodsupdate

[ 2016-07-21T09:52:49+08:00 ] ::1 /shop/index.php/Admin/Goodsupdate
ERR: 无法加载控制器:Goodsupdate

[ 2016-07-21T09:52:52+08:00 ] ::1 /shop/index.php/Admin/Goods/%3C?php%20echo%20ADMIN_CSS_URL;?%3Emine.css
ERR: 非法操作:

[ 2016-07-21T10:22:01+08:00 ] ::1 /shop/index.php/Admin/Goods/update/id/2
ERR: Think\Controller:assgin方法不存在！

[ 2016-07-21T10:47:41+08:00 ] ::1 /shop/index.php/Admin/Goods/update/id/5
ERR: Think\Controller:assgin方法不存在！

[ 2016-07-21T10:47:55+08:00 ] ::1 /shop/index.php/Admin/Goods/update/id/4
ERR: Syntax Error in template "E:/xampp/htdocs/shop/Admin/View\Goods\update.html"  on line 23 "&lt;input type=&quot;hidden&quot; name=&quot;g_id&quot; value=&quot;{info.g_id}&quot;&gt;"  - Unexpected ".", expected one of: "}" , " "

