[ 2016-07-14T16:09:04+08:00 ] ::1 /shop/index.php/Admin/Goods/showlist
ERR: 非法操作:showlist

[ 2016-07-14T16:09:07+08:00 ] ::1 /shop/index.php/Admin/Goods/show
ERR: Syntax Error in template "E:/xampp/htdocs/shop/Admin/View\Goods\show.html"  on line 12 ".tr_color{background-color: #9F88FF}"  - Unexpected ": ", expected one of: "}" , " "

[ 2016-07-14T16:09:47+08:00 ] ::1 /shop/index.php/Admin/Goods/show
ERR: Syntax Error in template "E:/xampp/htdocs/shop/Admin/View\Goods\show.html"  on line 12 ".tr_color{background-color: #9F88FF}"  - Unexpected ": ", expected one of: "}" , " "

[ 2016-07-14T16:09:47+08:00 ] ::1 /shop/index.php/Admin/Goods/show
ERR: Syntax Error in template "E:/xampp/htdocs/shop/Admin/View\Goods\show.html"  on line 12 ".tr_color{background-color: #9F88FF}"  - Unexpected ": ", expected one of: "}" , " "

[ 2016-07-14T16:09:48+08:00 ] ::1 /shop/index.php/Admin/Goods/show
ERR: Syntax Error in template "E:/xampp/htdocs/shop/Admin/View\Goods\show.html"  on line 12 ".tr_color{background-color: #9F88FF}"  - Unexpected ": ", expected one of: "}" , " "

[ 2016-07-14T16:09:48+08:00 ] ::1 /shop/index.php/Admin/Goods/show
ERR: Syntax Error in template "E:/xampp/htdocs/shop/Admin/View\Goods\show.html"  on line 12 ".tr_color{background-color: #9F88FF}"  - Unexpected ": ", expected one of: "}" , " "

[ 2016-07-14T16:09:55+08:00 ] ::1 /shop/index.php/Admin/Goods/show
ERR: Syntax Error in template "E:/xampp/htdocs/shop/Admin/View\Goods\show.html"  on line 12 ".tr_color{background-color: #9F88FF}"  - Unexpected ": ", expected one of: "}" , " "

[ 2016-07-14T16:09:56+08:00 ] ::1 /shop/index.php/Admin/Goods/mine.css
ERR: 非法操作:mine.css

[ 2016-07-14T16:09:56+08:00 ] ::1 /shop/index.php/Admin/Goods/mine.css
ERR: 非法操作:mine.css

[ 2016-07-14T16:09:56+08:00 ] ::1 /shop/index.php/Admin/Goods/mine.css
ERR: 非法操作:mine.css

[ 2016-07-14T16:10:27+08:00 ] ::1 /shop/index.php/Admin/Goods/mine.css
ERR: 非法操作:mine.css

[ 2016-07-14T16:10:27+08:00 ] ::1 /shop/index.php/Admin/Goods/mine.css
ERR: 非法操作:mine.css

[ 2016-07-14T16:15:00+08:00 ] ::1 /shop/index.php/Admin/Goods/mine.css
ERR: 非法操作:mine.css

[ 2016-07-14T16:17:43+08:00 ] ::1 /shop/index.php/Admin/Goods/mine.css
ERR: 非法操作:mine.css

[ 2016-07-14T17:06:49+08:00 ] ::1 /shop/index.php/Admin/Goods/mine.css
ERR: 非法操作:mine.css

