[ 2016-07-23T16:57:39+08:00 ] ::1 /shop/index.php/Admin/Goods/show
ERR: 参数错误或者未定义:nowpage

[ 2016-07-23T16:57:40+08:00 ] ::1 /shop/index.php/Admin/Goods/show
ERR: 参数错误或者未定义:nowpage

[ 2016-07-23T16:57:56+08:00 ] ::1 /shop/index.php/Admin/Goods/show/nowpage/1
ERR: 1064:You have an error in your SQL syntax; check the manual that corresponds to your MariaDB server version for the right syntax to use near '(1-1)*,7' at line 1
 [ SQL语句 ] : select * from tp_goods limit (1-1)*,7

[ 2016-07-23T16:58:41+08:00 ] ::1 /shop/index.php/Admin/Goods/show/nowpage/1
ERR: 1064:You have an error in your SQL syntax; check the manual that corresponds to your MariaDB server version for the right syntax to use near '(1-1)*,7' at line 1
 [ SQL语句 ] : select * from tp_goods limit (1-1)*,7

[ 2016-07-23T16:58:41+08:00 ] ::1 /shop/index.php/Admin/Goods/show/nowpage/1
ERR: 1064:You have an error in your SQL syntax; check the manual that corresponds to your MariaDB server version for the right syntax to use near '7' at line 1
 [ SQL语句 ] : select * from tp_goods limit0,7

[ 2016-07-23T16:58:42+08:00 ] ::1 /shop/index.php/Admin/Goods/show/nowpage/1
ERR: 1064:You have an error in your SQL syntax; check the manual that corresponds to your MariaDB server version for the right syntax to use near '7' at line 1
 [ SQL语句 ] : select * from tp_goods limit0,7

[ 2016-07-23T16:58:42+08:00 ] ::1 /shop/index.php/Admin/Goods/show/nowpage/1
ERR: 1064:You have an error in your SQL syntax; check the manual that corresponds to your MariaDB server version for the right syntax to use near '7' at line 1
 [ SQL语句 ] : select * from tp_goods limit0,7

[ 2016-07-23T16:58:42+08:00 ] ::1 /shop/index.php/Admin/Goods/show/nowpage/1
ERR: 1064:You have an error in your SQL syntax; check the manual that corresponds to your MariaDB server version for the right syntax to use near '7' at line 1
 [ SQL语句 ] : select * from tp_goods limit0,7

[ 2016-07-23T16:58:42+08:00 ] ::1 /shop/index.php/Admin/Goods/show/nowpage/1
ERR: 1064:You have an error in your SQL syntax; check the manual that corresponds to your MariaDB server version for the right syntax to use near '7' at line 1
 [ SQL语句 ] : select * from tp_goods limit0,7

[ 2016-07-23T16:58:43+08:00 ] ::1 /shop/index.php/Admin/Goods/show/nowpage/1
ERR: 1064:You have an error in your SQL syntax; check the manual that corresponds to your MariaDB server version for the right syntax to use near '7' at line 1
 [ SQL语句 ] : select * from tp_goods limit0,7

[ 2016-07-23T16:58:43+08:00 ] ::1 /shop/index.php/Admin/Goods/show/nowpage/1
ERR: 1064:You have an error in your SQL syntax; check the manual that corresponds to your MariaDB server version for the right syntax to use near '7' at line 1
 [ SQL语句 ] : select * from tp_goods limit0,7

[ 2016-07-23T16:58:43+08:00 ] ::1 /shop/index.php/Admin/Goods/show/nowpage/1
ERR: 1064:You have an error in your SQL syntax; check the manual that corresponds to your MariaDB server version for the right syntax to use near '7' at line 1
 [ SQL语句 ] : select * from tp_goods limit0,7

[ 2016-07-23T16:58:43+08:00 ] ::1 /shop/index.php/Admin/Goods/show/nowpage/1
ERR: 1064:You have an error in your SQL syntax; check the manual that corresponds to your MariaDB server version for the right syntax to use near '7' at line 1
 [ SQL语句 ] : select * from tp_goods limit0,7

[ 2016-07-23T16:58:43+08:00 ] ::1 /shop/index.php/Admin/Goods/show/nowpage/1
ERR: 1064:You have an error in your SQL syntax; check the manual that corresponds to your MariaDB server version for the right syntax to use near '7' at line 1
 [ SQL语句 ] : select * from tp_goods limit0,7

[ 2016-07-23T16:58:44+08:00 ] ::1 /shop/index.php/Admin/Goods/show/nowpage/1
ERR: 1064:You have an error in your SQL syntax; check the manual that corresponds to your MariaDB server version for the right syntax to use near '7' at line 1
 [ SQL语句 ] : select * from tp_goods limit0,7

[ 2016-07-23T16:58:44+08:00 ] ::1 /shop/index.php/Admin/Goods/show/nowpage/1
ERR: 1064:You have an error in your SQL syntax; check the manual that corresponds to your MariaDB server version for the right syntax to use near '7' at line 1
 [ SQL语句 ] : select * from tp_goods limit0,7

[ 2016-07-23T16:58:44+08:00 ] ::1 /shop/index.php/Admin/Goods/show/nowpage/1
ERR: 1064:You have an error in your SQL syntax; check the manual that corresponds to your MariaDB server version for the right syntax to use near '7' at line 1
 [ SQL语句 ] : select * from tp_goods limit0,7

[ 2016-07-23T16:59:54+08:00 ] ::1 /shop/index.php/Admin/Goods/show/p/2.html
ERR: 参数错误或者未定义:nowpage

[ 2016-07-23T17:00:12+08:00 ] ::1 /shop/index.php/Admin/Goods/show/p/2.html
ERR: 参数错误或者未定义:nowpage

